<?xml version="1.0" encoding="UTF-8"?>
<robot generator="Robot 6.1.1 (Python 3.10.11 on win32)" generated="20250220 06:00:11.250" rpa="false" schemaversion="4">
<suite id="s1" name="Tasks" source="D:\Belajar\robot-gambar\tasks.robot">
<test id="s1-t1" name="Get JSON Data From API_URL" line="31">
<kw name="Set Variable" library="BuiltIn">
<var>${book_id}</var>
<arg>${BOOK_ID}</arg>
<doc>Returns the given values which can then be assigned to a variables.</doc>
<msg timestamp="20250220 06:00:13.445" level="INFO">${book_id} = 10</msg>
<status status="PASS" starttime="20250220 06:00:13.444" endtime="20250220 06:00:13.445"/>
</kw>
<kw name="Set Variable" library="BuiltIn">
<var>${kode_wilayah}</var>
<arg>${KODE_WILAYAH}</arg>
<doc>Returns the given values which can then be assigned to a variables.</doc>
<msg timestamp="20250220 06:00:13.445" level="INFO">${kode_wilayah} = JIPDSUR</msg>
<status status="PASS" starttime="20250220 06:00:13.445" endtime="20250220 06:00:13.445"/>
</kw>
<kw name="Set Variable" library="BuiltIn">
<var>${ip_address}</var>
<arg>${IP_ADDRESS}</arg>
<doc>Returns the given values which can then be assigned to a variables.</doc>
<msg timestamp="20250220 06:00:13.446" level="INFO">${ip_address} = 127.0.0.1</msg>
<status status="PASS" starttime="20250220 06:00:13.446" endtime="20250220 06:00:13.446"/>
</kw>
<kw name="Create Session" library="RPA.HTTP">
<arg>mysession</arg>
<arg>${BASE_API_URL}</arg>
<arg>verify=${False}</arg>
<doc>Create Session: create a HTTP session to a server</doc>
<msg timestamp="20250220 06:00:13.447" level="INFO">Creating Session using : alias=mysession, url=http://192.168.9.207:5000, headers={},                     cookies={}, auth=None, timeout=None, proxies=None, verify=False,                     debug=0 </msg>
<status status="PASS" starttime="20250220 06:00:13.446" endtime="20250220 06:00:13.447"/>
</kw>
<kw name="GET On Session" library="RPA.HTTP">
<var>${response}</var>
<arg>mysession</arg>
<arg>/api/getBookSinopsis/${book_id}</arg>
<doc>Sends a GET request on a previously created HTTP Session.</doc>
<msg timestamp="20250220 06:00:13.459" level="INFO">${response} = &lt;Response [200]&gt;</msg>
<status status="PASS" starttime="20250220 06:00:13.447" endtime="20250220 06:00:13.459"/>
</kw>
<kw name="Decode Bytes To String" library="String">
<var>${response_str}</var>
<arg>${response.content}</arg>
<arg>encoding=UTF-8</arg>
<doc>Decodes the given ``bytes`` to a Unicode string using the given ``encoding``.</doc>
<msg timestamp="20250220 06:00:13.461" level="INFO">${response_str} = {"deskripsi":"PROYEK AKHIR","editor":"","ilustrator":"","isbn":"2210151053","judul":"Sistem cerdas pemantauan kondisi kesehatan","keyword":"Data tidak ditemukan","kota":"Surabaya","no_class":"Data tid...</msg>
<status status="PASS" starttime="20250220 06:00:13.460" endtime="20250220 06:00:13.461"/>
</kw>
<kw name="Replace String" library="String">
<var>${clean_response}</var>
<arg>${response_str}</arg>
<arg>"</arg>
<arg>\\"</arg>
<doc>Replaces ``search_for`` in the given ``string`` with ``replace_with``.</doc>
<msg timestamp="20250220 06:00:13.462" level="INFO">${clean_response} = {\"deskripsi\":\"PROYEK AKHIR\",\"editor\":\"\",\"ilustrator\":\"\",\"isbn\":\"2210151053\",\"judul\":\"Sistem cerdas pemantauan kondisi kesehatan\",\"keyword\":\"Data tidak ditemukan\",\"kota\":\"Sur...</msg>
<status status="PASS" starttime="20250220 06:00:13.461" endtime="20250220 06:00:13.462"/>
</kw>
<kw name="Replace String" library="String">
<var>${clean_response}</var>
<arg>${clean_response}</arg>
<arg>\n</arg>
<arg>\\n</arg>
<doc>Replaces ``search_for`` in the given ``string`` with ``replace_with``.</doc>
<msg timestamp="20250220 06:00:13.462" level="INFO">${clean_response} = {\"deskripsi\":\"PROYEK AKHIR\",\"editor\":\"\",\"ilustrator\":\"\",\"isbn\":\"2210151053\",\"judul\":\"Sistem cerdas pemantauan kondisi kesehatan\",\"keyword\":\"Data tidak ditemukan\",\"kota\":\"Sur...</msg>
<status status="PASS" starttime="20250220 06:00:13.462" endtime="20250220 06:00:13.462"/>
</kw>
<kw name="Replace String" library="String">
<var>${clean_response}</var>
<arg>${clean_response}</arg>
<arg>\r</arg>
<arg>\\r</arg>
<doc>Replaces ``search_for`` in the given ``string`` with ``replace_with``.</doc>
<msg timestamp="20250220 06:00:13.463" level="INFO">${clean_response} = {\"deskripsi\":\"PROYEK AKHIR\",\"editor\":\"\",\"ilustrator\":\"\",\"isbn\":\"2210151053\",\"judul\":\"Sistem cerdas pemantauan kondisi kesehatan\",\"keyword\":\"Data tidak ditemukan\",\"kota\":\"Sur...</msg>
<status status="PASS" starttime="20250220 06:00:13.462" endtime="20250220 06:00:13.463"/>
</kw>
<kw name="Replace String" library="String">
<var>${clean_response}</var>
<arg>${clean_response}</arg>
<arg>\t</arg>
<arg>\\t</arg>
<doc>Replaces ``search_for`` in the given ``string`` with ``replace_with``.</doc>
<msg timestamp="20250220 06:00:13.463" level="INFO">${clean_response} = {\"deskripsi\":\"PROYEK AKHIR\",\"editor\":\"\",\"ilustrator\":\"\",\"isbn\":\"2210151053\",\"judul\":\"Sistem cerdas pemantauan kondisi kesehatan\",\"keyword\":\"Data tidak ditemukan\",\"kota\":\"Sur...</msg>
<status status="PASS" starttime="20250220 06:00:13.463" endtime="20250220 06:00:13.463"/>
</kw>
<kw name="Strip String" library="String">
<var>${clean_response}</var>
<arg>${clean_response}</arg>
<doc>Remove leading and/or trailing whitespaces from the given string.</doc>
<msg timestamp="20250220 06:00:13.464" level="INFO">${clean_response} = {\"deskripsi\":\"PROYEK AKHIR\",\"editor\":\"\",\"ilustrator\":\"\",\"isbn\":\"2210151053\",\"judul\":\"Sistem cerdas pemantauan kondisi kesehatan\",\"keyword\":\"Data tidak ditemukan\",\"kota\":\"Sur...</msg>
<status status="PASS" starttime="20250220 06:00:13.464" endtime="20250220 06:00:13.464"/>
</kw>
<kw name="Convert To Dictionary">
<var>${json_data}</var>
<arg>${clean_response}</arg>
<kw name="Evaluate" library="BuiltIn">
<var>${json_data}</var>
<arg>json.loads('''${json_string}''')</arg>
<arg>json</arg>
<doc>Evaluates the given expression in Python and returns the result.</doc>
<msg timestamp="20250220 06:00:13.465" level="INFO">${json_data} = {'deskripsi': 'PROYEK AKHIR', 'editor': '', 'ilustrator': '', 'isbn': '2210151053', 'judul': 'Sistem cerdas pemantauan kondisi kesehatan', 'keyword': 'Data tidak ditemukan', 'kota': 'Surabaya', 'no_cl...</msg>
<status status="PASS" starttime="20250220 06:00:13.464" endtime="20250220 06:00:13.465"/>
</kw>
<return>
<value>${json_data}</value>
<status status="PASS" starttime="20250220 06:00:13.465" endtime="20250220 06:00:13.465"/>
</return>
<msg timestamp="20250220 06:00:13.465" level="INFO">${json_data} = {'deskripsi': 'PROYEK AKHIR', 'editor': '', 'ilustrator': '', 'isbn': '2210151053', 'judul': 'Sistem cerdas pemantauan kondisi kesehatan', 'keyword': 'Data tidak ditemukan', 'kota': 'Surabaya', 'no_cl...</msg>
<status status="PASS" starttime="20250220 06:00:13.464" endtime="20250220 06:00:13.465"/>
</kw>
<kw name="Set Global Variable" library="BuiltIn">
<arg>${JUDUL}</arg>
<arg>${json_data['judul']}</arg>
<doc>Makes a variable available globally in all tests and suites.</doc>
<msg timestamp="20250220 06:00:13.468" level="INFO">${JUDUL} = Sistem cerdas pemantauan kondisi kesehatan</msg>
<status status="PASS" starttime="20250220 06:00:13.466" endtime="20250220 06:00:13.468"/>
</kw>
<kw name="Set Global Variable" library="BuiltIn">
<arg>${PENGARANG}</arg>
<arg>${json_data['pengarang']}</arg>
<doc>Makes a variable available globally in all tests and suites.</doc>
<msg timestamp="20250220 06:00:13.471" level="INFO">${PENGARANG} = Yogi Putra Pratama</msg>
<status status="PASS" starttime="20250220 06:00:13.468" endtime="20250220 06:00:13.471"/>
</kw>
<kw name="Set Global Variable" library="BuiltIn">
<arg>${PENERBITAN}</arg>
<arg>${json_data['penerbitan']}</arg>
<doc>Makes a variable available globally in all tests and suites.</doc>
<msg timestamp="20250220 06:00:13.475" level="INFO">${PENERBITAN} = POLITEKNIK ELEKTRONIKA NEGERI SURABAYA</msg>
<status status="PASS" starttime="20250220 06:00:13.472" endtime="20250220 06:00:13.475"/>
</kw>
<kw name="Set Global Variable" library="BuiltIn">
<arg>${DESC}</arg>
<arg>${json_data['deskripsi']}</arg>
<doc>Makes a variable available globally in all tests and suites.</doc>
<msg timestamp="20250220 06:00:13.477" level="INFO">${DESC} = PROYEK AKHIR</msg>
<status status="PASS" starttime="20250220 06:00:13.475" endtime="20250220 06:00:13.477"/>
</kw>
<kw name="Set Global Variable" library="BuiltIn">
<arg>${ISBN}</arg>
<arg>${json_data['isbn']}</arg>
<doc>Makes a variable available globally in all tests and suites.</doc>
<msg timestamp="20250220 06:00:13.479" level="INFO">${ISBN} = 2210151053</msg>
<status status="PASS" starttime="20250220 06:00:13.477" endtime="20250220 06:00:13.479"/>
</kw>
<kw name="Set Global Variable" library="BuiltIn">
<arg>${KOTA}</arg>
<arg>${json_data['kota']}</arg>
<doc>Makes a variable available globally in all tests and suites.</doc>
<msg timestamp="20250220 06:00:13.481" level="INFO">${KOTA} = Surabaya</msg>
<status status="PASS" starttime="20250220 06:00:13.479" endtime="20250220 06:00:13.481"/>
</kw>
<kw name="Set Global Variable" library="BuiltIn">
<arg>${TAHUN}</arg>
<arg>${json_data['tahun']}</arg>
<doc>Makes a variable available globally in all tests and suites.</doc>
<msg timestamp="20250220 06:00:13.485" level="INFO">${TAHUN} = 2019</msg>
<status status="PASS" starttime="20250220 06:00:13.482" endtime="20250220 06:00:13.485"/>
</kw>
<kw name="Set Global Variable" library="BuiltIn">
<arg>${EDITOR}</arg>
<arg>${json_data['editor']}</arg>
<doc>Makes a variable available globally in all tests and suites.</doc>
<msg timestamp="20250220 06:00:13.487" level="INFO">${EDITOR} = </msg>
<status status="PASS" starttime="20250220 06:00:13.485" endtime="20250220 06:00:13.487"/>
</kw>
<kw name="Set Global Variable" library="BuiltIn">
<arg>${ILUSTRATOR}</arg>
<arg>${json_data['ilustrator']}</arg>
<doc>Makes a variable available globally in all tests and suites.</doc>
<msg timestamp="20250220 06:00:13.490" level="INFO">${ILUSTRATOR} = </msg>
<status status="PASS" starttime="20250220 06:00:13.487" endtime="20250220 06:00:13.490"/>
</kw>
<kw name="Set Global Variable" library="BuiltIn">
<arg>${SINOPSIS}</arg>
<arg>${json_data['sinopsis']}</arg>
<doc>Makes a variable available globally in all tests and suites.</doc>
<msg timestamp="20250220 06:00:13.493" level="INFO">${SINOPSIS} = Di Indonesia masih belum ada sistem pemantauan mengenai keadaan kondisi sapi secara real-time, yang sekarang ini dipakai adalah microchip RFID Ear Tag yang ditanam pada telinga sapi tetapi masih beum ...</msg>
<status status="PASS" starttime="20250220 06:00:13.491" endtime="20250220 06:00:13.493"/>
</kw>
<kw name="Set Global Variable" library="BuiltIn">
<arg>${KEYWORD}</arg>
<arg>${json_data['keyword']}</arg>
<doc>Makes a variable available globally in all tests and suites.</doc>
<msg timestamp="20250220 06:00:13.495" level="INFO">${KEYWORD} = Data tidak ditemukan</msg>
<status status="PASS" starttime="20250220 06:00:13.493" endtime="20250220 06:00:13.495"/>
</kw>
<kw name="Set Global Variable" library="BuiltIn">
<arg>${NOCLASS}</arg>
<arg>${json_data['no_class']}</arg>
<doc>Makes a variable available globally in all tests and suites.</doc>
<msg timestamp="20250220 06:00:13.497" level="INFO">${NOCLASS} = Data tidak ditemukan</msg>
<status status="PASS" starttime="20250220 06:00:13.495" endtime="20250220 06:00:13.497"/>
</kw>
<status status="PASS" starttime="20250220 06:00:13.444" endtime="20250220 06:00:13.497"/>
</test>
<test id="s1-t2" name="Otomatisasi Entri Katalog" line="63">
<kw name="Set Variable" library="BuiltIn">
<var>${URL_BROWSER}</var>
<arg>http://${ip_address}/inlislite3/backend/site/login</arg>
<doc>Returns the given values which can then be assigned to a variables.</doc>
<msg timestamp="20250220 06:00:13.499" level="INFO">${URL_BROWSER} = http://127.0.0.1/inlislite3/backend/site/login</msg>
<status status="PASS" starttime="20250220 06:00:13.499" endtime="20250220 06:00:13.499"/>
</kw>
<kw name="Set Variable" library="BuiltIn">
<var>${username_user}</var>
<arg>${USERNAME_USER}</arg>
<doc>Returns the given values which can then be assigned to a variables.</doc>
<msg timestamp="20250220 06:00:13.499" level="INFO">${username_user} = inlislite</msg>
<status status="PASS" starttime="20250220 06:00:13.499" endtime="20250220 06:00:13.499"/>
</kw>
<kw name="Set Variable" library="BuiltIn">
<var>${password_user}</var>
<arg>${PASSWORD_USER}</arg>
<doc>Returns the given values which can then be assigned to a variables.</doc>
<msg timestamp="20250220 06:00:13.500" level="INFO">${password_user} = inlislite=</msg>
<status status="PASS" starttime="20250220 06:00:13.500" endtime="20250220 06:00:13.500"/>
</kw>
<kw name="Open Browser" library="RPA.Browser.Selenium">
<arg>${URL_BROWSER}</arg>
<arg>${BROWSER}</arg>
<doc>Opens a new browser instance to the optional ``url``.</doc>
<msg timestamp="20250220 06:00:13.500" level="INFO">Opening browser 'Chrome' to base url 'http://127.0.0.1/inlislite3/backend/site/login'.</msg>
<status status="PASS" starttime="20250220 06:00:13.500" endtime="20250220 06:00:29.897"/>
</kw>
<kw name="Sleep" library="BuiltIn">
<arg>2s</arg>
<doc>Pauses the test executed for the given time.</doc>
<msg timestamp="20250220 06:00:31.906" level="INFO">Slept 2 seconds</msg>
<status status="PASS" starttime="20250220 06:00:29.898" endtime="20250220 06:00:31.906"/>
</kw>
<kw name="Login website">
<kw name="Input Text" library="RPA.Browser.Selenium">
<arg>id:loginform-username</arg>
<arg>${username_user}</arg>
<doc>Types the given ``text`` into the text field identified by ``locator``.</doc>
<msg timestamp="20250220 06:00:31.908" level="INFO">Typing text 'inlislite' into text field 'id:loginform-username'.</msg>
<status status="PASS" starttime="20250220 06:00:31.906" endtime="20250220 06:00:32.061"/>
</kw>
<kw name="Input Text" library="RPA.Browser.Selenium">
<arg>id:loginform-password</arg>
<arg>${password_user}</arg>
<doc>Types the given ``text`` into the text field identified by ``locator``.</doc>
<msg timestamp="20250220 06:00:32.063" level="INFO">Typing text 'inlislite=' into text field 'id:loginform-password'.</msg>
<status status="PASS" starttime="20250220 06:00:32.062" endtime="20250220 06:00:32.191"/>
</kw>
<kw name="Click Button" library="RPA.Browser.Selenium">
<arg>name:login-button</arg>
<doc>Clicks the button identified by ``locator``.</doc>
<msg timestamp="20250220 06:00:32.192" level="INFO">Clicking button 'name:login-button'.</msg>
<status status="PASS" starttime="20250220 06:00:32.191" endtime="20250220 06:00:32.315"/>
</kw>
<status status="PASS" starttime="20250220 06:00:31.906" endtime="20250220 06:00:32.316"/>
</kw>
<kw name="Sleep" library="BuiltIn">
<arg>2s</arg>
<doc>Pauses the test executed for the given time.</doc>
<msg timestamp="20250220 06:00:34.323" level="INFO">Slept 2 seconds</msg>
<status status="PASS" starttime="20250220 06:00:32.316" endtime="20250220 06:00:34.323"/>
</kw>
<kw name="Select Library Location">
<kw name="Wait Until Element Is Visible" library="RPA.Browser.Selenium">
<arg>xpath=//span[@id="select2-dynamicmodel-location-container"]</arg>
<arg>timeout=10s</arg>
<doc>Waits until the element ``locator`` is visible.</doc>
<status status="PASS" starttime="20250220 06:00:34.325" endtime="20250220 06:00:34.585"/>
</kw>
<kw name="Click Element" library="RPA.Browser.Selenium">
<arg>xpath=//span[@id="select2-dynamicmodel-location-container"]</arg>
<doc>Click the element identified by ``locator``.</doc>
<msg timestamp="20250220 06:00:34.587" level="INFO">Clicking element 'xpath=//span[@id="select2-dynamicmodel-location-container"]'.</msg>
<status status="PASS" starttime="20250220 06:00:34.586" endtime="20250220 06:00:34.723"/>
</kw>
<kw name="Wait Until Element Is Visible" library="RPA.Browser.Selenium">
<arg>xpath=//li[contains(text(), 'Perpustakaan Pusat')]</arg>
<arg>timeout=10s</arg>
<doc>Waits until the element ``locator`` is visible.</doc>
<status status="PASS" starttime="20250220 06:00:34.723" endtime="20250220 06:00:34.763"/>
</kw>
<kw name="Click Element" library="RPA.Browser.Selenium">
<arg>xpath=//li[contains(text(), 'Perpustakaan Pusat')]</arg>
<doc>Click the element identified by ``locator``.</doc>
<msg timestamp="20250220 06:00:34.764" level="INFO">Clicking element 'xpath=//li[contains(text(), 'Perpustakaan Pusat')]'.</msg>
<status status="PASS" starttime="20250220 06:00:34.764" endtime="20250220 06:00:34.883"/>
</kw>
<status status="PASS" starttime="20250220 06:00:34.323" endtime="20250220 06:00:34.883"/>
</kw>
<kw name="Sleep" library="BuiltIn">
<arg>2s</arg>
<doc>Pauses the test executed for the given time.</doc>
<msg timestamp="20250220 06:00:36.900" level="INFO">Slept 2 seconds</msg>
<status status="PASS" starttime="20250220 06:00:34.885" endtime="20250220 06:00:36.900"/>
</kw>
<kw name="Click Submit Button">
<kw name="Click Button When Visible" library="RPA.Browser.Selenium">
<arg>//button[@class="btn btn-primary btn-block btn-flat button_login"]</arg>
<doc>Click button identified by ``locator``, once it becomes visible.</doc>
<msg timestamp="20250220 06:00:36.928" level="INFO">Clicking button '//button[@class="btn btn-primary btn-block btn-flat button_login"]'.</msg>
<status status="PASS" starttime="20250220 06:00:36.900" endtime="20250220 06:00:37.031"/>
</kw>
<status status="PASS" starttime="20250220 06:00:36.900" endtime="20250220 06:00:37.031"/>
</kw>
<kw name="Sleep" library="BuiltIn">
<arg>2s</arg>
<doc>Pauses the test executed for the given time.</doc>
<msg timestamp="20250220 06:00:39.036" level="INFO">Slept 2 seconds</msg>
<status status="PASS" starttime="20250220 06:00:37.031" endtime="20250220 06:00:39.036"/>
</kw>
<kw name="Navigate to Entri Katalog (RDA)">
<kw name="Wait Until Element Is Visible" library="RPA.Browser.Selenium">
<arg>xpath=//li[@class="treeview"]/a[contains(@href, '/pengkatalogan/katalog/index')]</arg>
<arg>timeout=10s</arg>
<doc>Waits until the element ``locator`` is visible.</doc>
<status status="PASS" starttime="20250220 06:00:39.037" endtime="20250220 06:00:39.066"/>
</kw>
<kw name="Click Element" library="RPA.Browser.Selenium">
<arg>xpath=//li[@class="treeview"]/a[contains(@href, '/pengkatalogan/katalog/index')]</arg>
<doc>Click the element identified by ``locator``.</doc>
<msg timestamp="20250220 06:00:39.067" level="INFO">Clicking element 'xpath=//li[@class="treeview"]/a[contains(@href, '/pengkatalogan/katalog/index')]'.</msg>
<status status="PASS" starttime="20250220 06:00:39.066" endtime="20250220 06:00:39.220"/>
</kw>
<kw name="Wait Until Element Is Visible" library="RPA.Browser.Selenium">
<arg>xpath=//li/a[@href='/inlislite3/backend/pengkatalogan/katalog/create?for=cat&amp;rda=1']</arg>
<arg>timeout=10s</arg>
<doc>Waits until the element ``locator`` is visible.</doc>
<status status="PASS" starttime="20250220 06:00:39.220" endtime="20250220 06:00:39.253"/>
</kw>
<kw name="Click Element" library="RPA.Browser.Selenium">
<arg>xpath=//li/a[@href='/inlislite3/backend/pengkatalogan/katalog/create?for=cat&amp;rda=1']</arg>
<doc>Click the element identified by ``locator``.</doc>
<msg timestamp="20250220 06:00:39.255" level="INFO">Clicking element 'xpath=//li/a[@href='/inlislite3/backend/pengkatalogan/katalog/create?for=cat&amp;rda=1']'.</msg>
<status status="PASS" starttime="20250220 06:00:39.253" endtime="20250220 06:00:41.362"/>
</kw>
<status status="PASS" starttime="20250220 06:00:39.036" endtime="20250220 06:00:41.362"/>
</kw>
<kw name="Sleep" library="BuiltIn">
<arg>2s</arg>
<doc>Pauses the test executed for the given time.</doc>
<msg timestamp="20250220 06:00:43.378" level="INFO">Slept 2 seconds</msg>
<status status="PASS" starttime="20250220 06:00:41.363" endtime="20250220 06:00:43.378"/>
</kw>
<kw name="Input Book Data">
<arg>${JUDUL}</arg>
<arg>${PENGARANG}</arg>
<arg>${PENERBITAN}</arg>
<arg>${DESC}</arg>
<arg>${ISBN}</arg>
<arg>${KOTA}</arg>
<arg>${EDITOR}</arg>
<arg>${SINOPSIS}</arg>
<arg>${KEYWORD}</arg>
<arg>${ILUSTRATOR}</arg>
<arg>${NOCLASS}</arg>
<arg>${KODE_WILAYAH}</arg>
<kw name="Split String" library="String">
<var>${pengarang_list}</var>
<arg>${pengarang}</arg>
<arg>;</arg>
<doc>Splits the ``string`` using ``separator`` as a delimiter string.</doc>
<msg timestamp="20250220 06:00:43.379" level="INFO">${pengarang_list} = ['Yogi Putra Pratama']</msg>
<status status="PASS" starttime="20250220 06:00:43.379" endtime="20250220 06:00:43.379"/>
</kw>
<kw name="Wait Until Element Is Visible" library="RPA.Browser.Selenium">
<arg>id:TagsValue_245</arg>
<arg>timeout=10s</arg>
<doc>Waits until the element ``locator`` is visible.</doc>
<status status="PASS" starttime="20250220 06:00:43.380" endtime="20250220 06:00:43.403"/>
</kw>
<kw name="Run Keyword And Ignore Error" library="BuiltIn">
<arg>Execute JavaScript</arg>
<arg>document.getElementById('TagsValue_040').value += '${kode_wilayah}';</arg>
<doc>Runs the given keyword with the given arguments and ignores possible error.</doc>
<kw name="Execute Javascript" library="RPA.Browser.Selenium">
<arg>document.getElementById('TagsValue_040').value += '${kode_wilayah}';</arg>
<doc>Executes the given JavaScript code with possible arguments.</doc>
<msg timestamp="20250220 06:00:43.404" level="INFO">Executing JavaScript:
document.getElementById('TagsValue_040').value += 'JIPDSUR';
Without any arguments.</msg>
<status status="PASS" starttime="20250220 06:00:43.404" endtime="20250220 06:00:43.413"/>
</kw>
<status status="PASS" starttime="20250220 06:00:43.403" endtime="20250220 06:00:43.413"/>
</kw>
<kw name="Run Keyword And Ignore Error" library="BuiltIn">
<arg>Execute JavaScript</arg>
<arg>document.getElementById('TagsValue_245').value += '${judul}';</arg>
<doc>Runs the given keyword with the given arguments and ignores possible error.</doc>
<kw name="Execute Javascript" library="RPA.Browser.Selenium">
<arg>document.getElementById('TagsValue_245').value += '${judul}';</arg>
<doc>Executes the given JavaScript code with possible arguments.</doc>
<msg timestamp="20250220 06:00:43.414" level="INFO">Executing JavaScript:
document.getElementById('TagsValue_245').value += 'Sistem cerdas pemantauan kondisi kesehatan';
Without any arguments.</msg>
<status status="PASS" starttime="20250220 06:00:43.413" endtime="20250220 06:00:43.425"/>
</kw>
<status status="PASS" starttime="20250220 06:00:43.413" endtime="20250220 06:00:43.425"/>
</kw>
<kw name="Run Keyword And Ignore Error" library="BuiltIn">
<arg>Execute JavaScript</arg>
<arg>document.getElementById('TagsValue_100').value += '${pengarang_list[0]}';</arg>
<doc>Runs the given keyword with the given arguments and ignores possible error.</doc>
<kw name="Execute Javascript" library="RPA.Browser.Selenium">
<arg>document.getElementById('TagsValue_100').value += '${pengarang_list[0]}';</arg>
<doc>Executes the given JavaScript code with possible arguments.</doc>
<msg timestamp="20250220 06:00:43.427" level="INFO">Executing JavaScript:
document.getElementById('TagsValue_100').value += 'Yogi Putra Pratama';
Without any arguments.</msg>
<status status="PASS" starttime="20250220 06:00:43.426" endtime="20250220 06:00:43.437"/>
</kw>
<status status="PASS" starttime="20250220 06:00:43.425" endtime="20250220 06:00:43.437"/>
</kw>
<kw name="Run Keyword And Ignore Error" library="BuiltIn">
<arg>Execute JavaScript</arg>
<arg>document.getElementById('TagsValue_264_0').value += '${penerbitan}';</arg>
<doc>Runs the given keyword with the given arguments and ignores possible error.</doc>
<kw name="Execute Javascript" library="RPA.Browser.Selenium">
<arg>document.getElementById('TagsValue_264_0').value += '${penerbitan}';</arg>
<doc>Executes the given JavaScript code with possible arguments.</doc>
<msg timestamp="20250220 06:00:43.438" level="INFO">Executing JavaScript:
document.getElementById('TagsValue_264_0').value += 'POLITEKNIK ELEKTRONIKA NEGERI SURABAYA';
Without any arguments.</msg>
<status status="PASS" starttime="20250220 06:00:43.437" endtime="20250220 06:00:43.444"/>
</kw>
<status status="PASS" starttime="20250220 06:00:43.437" endtime="20250220 06:00:43.444"/>
</kw>
<kw name="Run Keyword And Ignore Error" library="BuiltIn">
<arg>Execute JavaScript</arg>
<arg>document.getElementById('TagsValue_300').value += '${desc}';</arg>
<doc>Runs the given keyword with the given arguments and ignores possible error.</doc>
<kw name="Execute Javascript" library="RPA.Browser.Selenium">
<arg>document.getElementById('TagsValue_300').value += '${desc}';</arg>
<doc>Executes the given JavaScript code with possible arguments.</doc>
<msg timestamp="20250220 06:00:43.445" level="INFO">Executing JavaScript:
document.getElementById('TagsValue_300').value += 'PROYEK AKHIR';
Without any arguments.</msg>
<status status="PASS" starttime="20250220 06:00:43.445" endtime="20250220 06:00:43.456"/>
</kw>
<status status="PASS" starttime="20250220 06:00:43.445" endtime="20250220 06:00:43.457"/>
</kw>
<kw name="Run Keyword And Ignore Error" library="BuiltIn">
<arg>Execute JavaScript</arg>
<arg>document.getElementById('TagsValue_020_0').value += '${isbn}';</arg>
<doc>Runs the given keyword with the given arguments and ignores possible error.</doc>
<kw name="Execute Javascript" library="RPA.Browser.Selenium">
<arg>document.getElementById('TagsValue_020_0').value += '${isbn}';</arg>
<doc>Executes the given JavaScript code with possible arguments.</doc>
<msg timestamp="20250220 06:00:43.458" level="INFO">Executing JavaScript:
document.getElementById('TagsValue_020_0').value += '2210151053';
Without any arguments.</msg>
<status status="PASS" starttime="20250220 06:00:43.457" endtime="20250220 06:00:43.463"/>
</kw>
<status status="PASS" starttime="20250220 06:00:43.457" endtime="20250220 06:00:43.463"/>
</kw>
<kw name="Run Keyword And Ignore Error" library="BuiltIn">
<arg>Execute JavaScript</arg>
<arg>document.getElementById('TagsValue_043').value += '${kota}';</arg>
<doc>Runs the given keyword with the given arguments and ignores possible error.</doc>
<kw name="Execute Javascript" library="RPA.Browser.Selenium">
<arg>document.getElementById('TagsValue_043').value += '${kota}';</arg>
<doc>Executes the given JavaScript code with possible arguments.</doc>
<msg timestamp="20250220 06:00:43.464" level="INFO">Executing JavaScript:
document.getElementById('TagsValue_043').value += 'Surabaya';
Without any arguments.</msg>
<status status="PASS" starttime="20250220 06:00:43.464" endtime="20250220 06:00:43.472"/>
</kw>
<status status="PASS" starttime="20250220 06:00:43.463" endtime="20250220 06:00:43.472"/>
</kw>
<kw name="Get Length" library="BuiltIn">
<var>${jumlah_pengarang}</var>
<arg>${pengarang_list}</arg>
<doc>Returns and logs the length of the given item as an integer.</doc>
<msg timestamp="20250220 06:00:43.474" level="INFO">Length is 1</msg>
<msg timestamp="20250220 06:00:43.474" level="INFO">${jumlah_pengarang} = 1</msg>
<status status="PASS" starttime="20250220 06:00:43.472" endtime="20250220 06:00:43.474"/>
</kw>
<for flavor="IN RANGE">
<var>${index}</var>
<value>1</value>
<value>${jumlah_pengarang}</value>
<iter>
<var name="${index}"/>
<kw name="Set Variable" library="BuiltIn">
<var>${pengarang_ke_n}</var>
<arg>${pengarang_list[${index}]}</arg>
<doc>Returns the given values which can then be assigned to a variables.</doc>
<status status="NOT RUN" starttime="20250220 06:00:43.474" endtime="20250220 06:00:43.475"/>
</kw>
<kw name="Run Keyword And Ignore Error" library="BuiltIn">
<arg>Execute JavaScript</arg>
<arg>document.getElementById('TagsValue_700_0').value += '${pengarang_ke_n};';</arg>
<doc>Runs the given keyword with the given arguments and ignores possible error.</doc>
<status status="NOT RUN" starttime="20250220 06:00:43.475" endtime="20250220 06:00:43.475"/>
</kw>
<status status="NOT RUN" starttime="20250220 06:00:43.474" endtime="20250220 06:00:43.475"/>
</iter>
<status status="NOT RUN" starttime="20250220 06:00:43.474" endtime="20250220 06:00:43.475"/>
</for>
<kw name="Run Keyword And Ignore Error" library="BuiltIn">
<arg>Execute JavaScript</arg>
<arg>document.getElementById('TagsValue_700_0').value += '${editor}';</arg>
<doc>Runs the given keyword with the given arguments and ignores possible error.</doc>
<kw name="Execute Javascript" library="RPA.Browser.Selenium">
<arg>document.getElementById('TagsValue_700_0').value += '${editor}';</arg>
<doc>Executes the given JavaScript code with possible arguments.</doc>
<msg timestamp="20250220 06:00:43.476" level="INFO">Executing JavaScript:
document.getElementById('TagsValue_700_0').value += '';
Without any arguments.</msg>
<status status="PASS" starttime="20250220 06:00:43.476" endtime="20250220 06:00:43.482"/>
</kw>
<status status="PASS" starttime="20250220 06:00:43.475" endtime="20250220 06:00:43.483"/>
</kw>
<kw name="Run Keyword And Ignore Error" library="BuiltIn">
<arg>Execute JavaScript</arg>
<arg>document.getElementById('TagsValue_700_0').value += '${ilustrator}';</arg>
<doc>Runs the given keyword with the given arguments and ignores possible error.</doc>
<kw name="Execute Javascript" library="RPA.Browser.Selenium">
<arg>document.getElementById('TagsValue_700_0').value += '${ilustrator}';</arg>
<doc>Executes the given JavaScript code with possible arguments.</doc>
<msg timestamp="20250220 06:00:43.485" level="INFO">Executing JavaScript:
document.getElementById('TagsValue_700_0').value += '';
Without any arguments.</msg>
<status status="PASS" starttime="20250220 06:00:43.484" endtime="20250220 06:00:43.491"/>
</kw>
<status status="PASS" starttime="20250220 06:00:43.483" endtime="20250220 06:00:43.491"/>
</kw>
<kw name="Run Keyword And Ignore Error" library="BuiltIn">
<arg>Execute JavaScript</arg>
<arg>document.getElementById('TagsValue_850_0').value += '${kode_wilayah}';</arg>
<doc>Runs the given keyword with the given arguments and ignores possible error.</doc>
<kw name="Execute Javascript" library="RPA.Browser.Selenium">
<arg>document.getElementById('TagsValue_850_0').value += '${kode_wilayah}';</arg>
<doc>Executes the given JavaScript code with possible arguments.</doc>
<msg timestamp="20250220 06:00:43.492" level="INFO">Executing JavaScript:
document.getElementById('TagsValue_850_0').value += 'JIPDSUR';
Without any arguments.</msg>
<status status="PASS" starttime="20250220 06:00:43.492" endtime="20250220 06:00:43.498"/>
</kw>
<status status="PASS" starttime="20250220 06:00:43.491" endtime="20250220 06:00:43.498"/>
</kw>
<kw name="Run Keyword And Ignore Error" library="BuiltIn">
<arg>Execute JavaScript</arg>
<arg>document.getElementById('TagsValue_520_0').value += '${sinopsis}';</arg>
<doc>Runs the given keyword with the given arguments and ignores possible error.</doc>
<kw name="Execute Javascript" library="RPA.Browser.Selenium">
<arg>document.getElementById('TagsValue_520_0').value += '${sinopsis}';</arg>
<doc>Executes the given JavaScript code with possible arguments.</doc>
<msg timestamp="20250220 06:00:43.499" level="INFO">Executing JavaScript:
document.getElementById('TagsValue_520_0').value += 'Di Indonesia masih belum ada sistem pemantauan mengenai keadaan kondisi sapi secara real-time, yang sekarang ini dipakai adalah microchip RFID Ear Tag yang ditanam pada telinga sapi tetapi masih beum ada komunikasi dengan Internet untuk mempermudah para peternak sapi dalam hal pemantauan. Pemantauan yang dilakukan saat ini masih menggunakan tenaga manusia, hal ini tentunya tidak efektif, terlebih jika harus melakukan pemantauan keadaan sapi dalam jumlah banyak di dalam suatu peternakan besar. Tujuan dari proyek akhir ini adalah merancang alat yang dapat akuisisi data dari ternak sapi';
Without any arguments.</msg>
<status status="PASS" starttime="20250220 06:00:43.499" endtime="20250220 06:00:43.507"/>
</kw>
<status status="PASS" starttime="20250220 06:00:43.498" endtime="20250220 06:00:43.507"/>
</kw>
<kw name="Run Keyword And Ignore Error" library="BuiltIn">
<arg>Execute JavaScript</arg>
<arg>document.getElementById('TagsValue_650_0').value += '${keyword}';</arg>
<doc>Runs the given keyword with the given arguments and ignores possible error.</doc>
<kw name="Execute Javascript" library="RPA.Browser.Selenium">
<arg>document.getElementById('TagsValue_650_0').value += '${keyword}';</arg>
<doc>Executes the given JavaScript code with possible arguments.</doc>
<msg timestamp="20250220 06:00:43.509" level="INFO">Executing JavaScript:
document.getElementById('TagsValue_650_0').value += 'Data tidak ditemukan';
Without any arguments.</msg>
<status status="PASS" starttime="20250220 06:00:43.508" endtime="20250220 06:00:43.516"/>
</kw>
<status status="PASS" starttime="20250220 06:00:43.508" endtime="20250220 06:00:43.516"/>
</kw>
<kw name="Run Keyword And Ignore Error" library="BuiltIn">
<arg>Execute JavaScript</arg>
<arg>document.getElementById('TagsValue_082_0').value += '${no_class}';</arg>
<doc>Runs the given keyword with the given arguments and ignores possible error.</doc>
<kw name="Execute Javascript" library="RPA.Browser.Selenium">
<arg>document.getElementById('TagsValue_082_0').value += '${no_class}';</arg>
<doc>Executes the given JavaScript code with possible arguments.</doc>
<msg timestamp="20250220 06:00:43.517" level="INFO">Executing JavaScript:
document.getElementById('TagsValue_082_0').value += 'Data tidak ditemukan';
Without any arguments.</msg>
<status status="PASS" starttime="20250220 06:00:43.517" endtime="20250220 06:00:43.526"/>
</kw>
<status status="PASS" starttime="20250220 06:00:43.517" endtime="20250220 06:00:43.527"/>
</kw>
<kw name="Run Keyword And Continue On Failure" library="BuiltIn">
<arg>Click Button</arg>
<arg>id:btnSave2</arg>
<doc>Runs the keyword and continues execution even if a failure occurs.</doc>
<kw name="Click Button" library="RPA.Browser.Selenium">
<arg>id:btnSave2</arg>
<doc>Clicks the button identified by ``locator``.</doc>
<msg timestamp="20250220 06:00:43.528" level="INFO">Clicking button 'id:btnSave2'.</msg>
<status status="PASS" starttime="20250220 06:00:43.527" endtime="20250220 06:00:43.661"/>
</kw>
<status status="PASS" starttime="20250220 06:00:43.527" endtime="20250220 06:00:43.663"/>
</kw>
<kw name="Run Keyword And Return Status" library="BuiltIn">
<var>${notification_exists}</var>
<arg>Wait Until Element Is Visible</arg>
<arg>xpath=//div[@role='alert']//span[@data-notify='message' and contains(text(),'Berhasil disimpan')]</arg>
<arg>timeout=10s</arg>
<doc>Runs the given keyword with given arguments and returns the status as a Boolean value.</doc>
<kw name="Wait Until Element Is Visible" library="RPA.Browser.Selenium">
<arg>xpath=//div[@role='alert']//span[@data-notify='message' and contains(text(),'Berhasil disimpan')]</arg>
<arg>timeout=10s</arg>
<doc>Waits until the element ``locator`` is visible.</doc>
<status status="PASS" starttime="20250220 06:00:43.663" endtime="20250220 06:00:48.219"/>
</kw>
<msg timestamp="20250220 06:00:48.219" level="INFO">${notification_exists} = True</msg>
<status status="PASS" starttime="20250220 06:00:43.663" endtime="20250220 06:00:48.219"/>
</kw>
<if>
<branch type="IF" condition="${notification_exists}">
<kw name="Log To Console" library="BuiltIn">
<arg>"Form telah disubmit dan data berhasil disimpan."</arg>
<doc>Logs the given message to the console.</doc>
<status status="PASS" starttime="20250220 06:00:48.220" endtime="20250220 06:00:48.220"/>
</kw>
<status status="PASS" starttime="20250220 06:00:48.220" endtime="20250220 06:00:48.220"/>
</branch>
<branch type="ELSE">
<kw name="Log To Console" library="BuiltIn">
<arg>"Data gagal disimpan karena notifikasi tidak muncul."</arg>
<doc>Logs the given message to the console.</doc>
<status status="NOT RUN" starttime="20250220 06:00:48.221" endtime="20250220 06:00:48.221"/>
</kw>
<status status="NOT RUN" starttime="20250220 06:00:48.220" endtime="20250220 06:00:48.221"/>
</branch>
<status status="PASS" starttime="20250220 06:00:48.220" endtime="20250220 06:00:48.221"/>
</if>
<status status="PASS" starttime="20250220 06:00:43.378" endtime="20250220 06:00:48.221"/>
</kw>
<kw name="Sleep" library="BuiltIn">
<arg>2s</arg>
<doc>Pauses the test executed for the given time.</doc>
<msg timestamp="20250220 06:00:50.222" level="INFO">Slept 2 seconds</msg>
<status status="PASS" starttime="20250220 06:00:48.221" endtime="20250220 06:00:50.222"/>
</kw>
<kw name="Logout Website">
<kw name="Wait Until Element Is Not Visible" library="RPA.Browser.Selenium">
<arg>css=div.modal-backdrop</arg>
<arg>timeout=30s</arg>
<doc>Waits until the element ``locator`` is not visible.</doc>
<status status="PASS" starttime="20250220 06:00:50.224" endtime="20250220 06:00:50.240"/>
</kw>
<kw name="Execute Javascript" library="RPA.Browser.Selenium">
<arg>swal.close();</arg>
<doc>Executes the given JavaScript code with possible arguments.</doc>
<msg timestamp="20250220 06:00:50.241" level="INFO">Executing JavaScript:
swal.close();
Without any arguments.</msg>
<status status="PASS" starttime="20250220 06:00:50.241" endtime="20250220 06:00:50.250"/>
</kw>
<kw name="Wait Until Element Is Visible" library="RPA.Browser.Selenium">
<arg>xpath=//li[@class="dropdown user user-menu"]/a[contains(@class, 'dropdown-toggle')]</arg>
<arg>timeout=30s</arg>
<doc>Waits until the element ``locator`` is visible.</doc>
<status status="PASS" starttime="20250220 06:00:50.250" endtime="20250220 06:00:50.280"/>
</kw>
<kw name="Click Element" library="RPA.Browser.Selenium">
<arg>xpath=//li[@class="dropdown user user-menu"]/a[contains(@class, 'dropdown-toggle')]</arg>
<doc>Click the element identified by ``locator``.</doc>
<msg timestamp="20250220 06:00:50.281" level="INFO">Clicking element 'xpath=//li[@class="dropdown user user-menu"]/a[contains(@class, 'dropdown-toggle')]'.</msg>
<status status="PASS" starttime="20250220 06:00:50.280" endtime="20250220 06:00:50.395"/>
</kw>
<kw name="Execute Javascript" library="RPA.Browser.Selenium">
<var>${logout_element}</var>
<arg>return document.querySelector("a[href='/inlislite3/backend/site/logout']");</arg>
<doc>Executes the given JavaScript code with possible arguments.</doc>
<msg timestamp="20250220 06:00:50.396" level="INFO">Executing JavaScript:
return document.querySelector("a[href='/inlislite3/backend/site/logout']");
Without any arguments.</msg>
<msg timestamp="20250220 06:00:50.406" level="INFO">${logout_element} = &lt;selenium.webdriver.remote.webelement.WebElement (session="13bbf19755b1efd70afdff42be3d856e", element="f.A46E5D39918A489086B9F12FAE2CC644.d.8AD835254B952FA9F35DB1239FFD42D0.e.484")&gt;</msg>
<status status="PASS" starttime="20250220 06:00:50.395" endtime="20250220 06:00:50.406"/>
</kw>
<if>
<branch type="IF" condition="'${logout_element}' == None">
<kw name="Fail" library="BuiltIn">
<arg>Logout link not found in the DOM</arg>
<doc>Fails the test with the given message and optionally alters its tags.</doc>
<status status="NOT RUN" starttime="20250220 06:00:50.406" endtime="20250220 06:00:50.408"/>
</kw>
<status status="NOT RUN" starttime="20250220 06:00:50.406" endtime="20250220 06:00:50.408"/>
</branch>
<status status="PASS" starttime="20250220 06:00:50.406" endtime="20250220 06:00:50.408"/>
</if>
<kw name="Execute Javascript" library="RPA.Browser.Selenium">
<arg>document.querySelector("a[href='/inlislite3/backend/site/logout']").click();</arg>
<doc>Executes the given JavaScript code with possible arguments.</doc>
<msg timestamp="20250220 06:00:50.409" level="INFO">Executing JavaScript:
document.querySelector("a[href='/inlislite3/backend/site/logout']").click();
Without any arguments.</msg>
<status status="PASS" starttime="20250220 06:00:50.408" endtime="20250220 06:00:51.286"/>
</kw>
<status status="PASS" starttime="20250220 06:00:50.222" endtime="20250220 06:00:51.286"/>
</kw>
<kw name="Sleep" library="BuiltIn">
<arg>2s</arg>
<doc>Pauses the test executed for the given time.</doc>
<msg timestamp="20250220 06:00:53.294" level="INFO">Slept 2 seconds</msg>
<status status="PASS" starttime="20250220 06:00:51.286" endtime="20250220 06:00:53.294"/>
</kw>
<kw name="Close Browser">
<kw name="Close All Browsers" library="RPA.Browser.Selenium">
<doc>Closes all open browsers and resets the browser cache.</doc>
<status status="PASS" starttime="20250220 06:00:53.297" endtime="20250220 06:00:55.625"/>
</kw>
<status status="PASS" starttime="20250220 06:00:53.296" endtime="20250220 06:00:55.626"/>
</kw>
<kw name="Sleep" library="BuiltIn">
<arg>10s</arg>
<doc>Pauses the test executed for the given time.</doc>
<msg timestamp="20250220 06:01:05.641" level="INFO">Slept 10 seconds</msg>
<status status="PASS" starttime="20250220 06:00:55.627" endtime="20250220 06:01:05.643"/>
</kw>
<status status="PASS" starttime="20250220 06:00:13.497" endtime="20250220 06:01:05.643"/>
</test>
<test id="s1-t3" name="Operation" line="96">
<kw name="Download Image">
<kw name="Set Variable" library="BuiltIn">
<var>${API_URL}</var>
<arg>${BASE_API_URL}/api/sendCover/${BOOK_ID}</arg>
<doc>Returns the given values which can then be assigned to a variables.</doc>
<msg timestamp="20250220 06:01:05.646" level="INFO">${API_URL} = http://192.168.9.207:5000/api/sendCover/10</msg>
<status status="PASS" starttime="20250220 06:01:05.646" endtime="20250220 06:01:05.646"/>
</kw>
<kw name="Set Variable" library="BuiltIn">
<var>${file_path}</var>
<arg>${DOWNLOAD_PATH}/${ISBN}.jpg</arg>
<doc>Returns the given values which can then be assigned to a variables.</doc>
<msg timestamp="20250220 06:01:05.647" level="INFO">${file_path} = C:/xampp/htdocs/inlislite3/uploaded_files/sampul_koleksi/original/Monograf/2210151053.jpg</msg>
<status status="PASS" starttime="20250220 06:01:05.647" endtime="20250220 06:01:05.647"/>
</kw>
<kw name="Download" library="RPA.HTTP">
<arg>${API_URL}</arg>
<arg>${file_path}</arg>
<doc>An alias for the ``HTTP Get`` keyword.</doc>
<msg timestamp="20250220 06:01:05.648" level="INFO">Creating a new HTTP session</msg>
<msg timestamp="20250220 06:01:05.648" level="INFO">Creating Session using : alias=rpasession_alias.http192.168.9.207:5000, url=http://192.168.9.207:5000, headers={},                     cookies={}, auth=None, timeout=None, proxies=None, verify=True,                     debug=0 </msg>
<status status="PASS" starttime="20250220 06:01:05.647" endtime="20250220 06:01:15.014"/>
</kw>
<kw name="Log To Console" library="BuiltIn">
<arg>Gambar berhasil diunduh ke ${file_path}</arg>
<doc>Logs the given message to the console.</doc>
<status status="PASS" starttime="20250220 06:01:15.014" endtime="20250220 06:01:15.014"/>
</kw>
<status status="PASS" starttime="20250220 06:01:05.645" endtime="20250220 06:01:15.014"/>
</kw>
<kw name="Connect To Database" library="RPA.Database">
<arg>pymysql</arg>
<arg>${DB_NAME}</arg>
<arg>${USERNAME}</arg>
<arg>${PASSWORD}</arg>
<arg>${DB_HOST}</arg>
<arg>${DB_PORT}</arg>
<doc>Connect to database using DB API 2.0 module.</doc>
<msg timestamp="20250220 06:01:15.015" level="INFO">Protecting keyword: RPA.Database.Connect To Database</msg>
<msg timestamp="20250220 06:01:15.087" level="INFO">Log level changed from NONE to INFO.</msg>
<status status="PASS" starttime="20250220 06:01:15.015" endtime="20250220 06:01:15.087"/>
</kw>
<kw name="Check If Book Exists">
<var>${exists}</var>
<arg>${ISBN}</arg>
<kw name="Set Variable" library="BuiltIn">
<var>${cover_url}</var>
<arg>${ISBN}.jpg</arg>
<doc>Returns the given values which can then be assigned to a variables.</doc>
<msg timestamp="20250220 06:01:15.089" level="INFO">${cover_url} = 2210151053.jpg</msg>
<status status="PASS" starttime="20250220 06:01:15.088" endtime="20250220 06:01:15.089"/>
</kw>
<kw name="Set Variable" library="BuiltIn">
<var>${query}</var>
<arg>SELECT COUNT(*) FROM catalogs WHERE ISBN = '${ISBN}';</arg>
<doc>Returns the given values which can then be assigned to a variables.</doc>
<msg timestamp="20250220 06:01:15.090" level="INFO">${query} = SELECT COUNT(*) FROM catalogs WHERE ISBN = '2210151053';</msg>
<status status="PASS" starttime="20250220 06:01:15.089" endtime="20250220 06:01:15.090"/>
</kw>
<kw name="Log To Console" library="BuiltIn">
<arg>Executing Query: ${query}</arg>
<doc>Logs the given message to the console.</doc>
<status status="PASS" starttime="20250220 06:01:15.090" endtime="20250220 06:01:15.090"/>
</kw>
<kw name="Query" library="RPA.Database">
<var>${result}</var>
<arg>${query}</arg>
<doc>Execute a SQL query and optionally return the execution result.</doc>
<msg timestamp="20250220 06:01:15.091" level="INFO">Executing query: SELECT COUNT(*) FROM catalogs WHERE ISBN = '2210151053';</msg>
<msg timestamp="20250220 06:01:15.091" level="INFO">${result} = Table(columns=['COUNT(*)'], rows=1)</msg>
<status status="PASS" starttime="20250220 06:01:15.090" endtime="20250220 06:01:15.092"/>
</kw>
<kw name="Log To Console" library="BuiltIn">
<arg>Query Result: ${result}</arg>
<doc>Logs the given message to the console.</doc>
<status status="PASS" starttime="20250220 06:01:15.092" endtime="20250220 06:01:15.092"/>
</kw>
<kw name="Set Variable" library="BuiltIn">
<var>${count}</var>
<arg>${result}[0][0]</arg>
<doc>Returns the given values which can then be assigned to a variables.</doc>
<msg timestamp="20250220 06:01:15.093" level="INFO">${count} = 1</msg>
<status status="PASS" starttime="20250220 06:01:15.092" endtime="20250220 06:01:15.093"/>
</kw>
<if>
<branch type="IF" condition="${count} &gt; 0">
<kw name="Log To Console" library="BuiltIn">
<arg>Book with ISBN ${ISBN} exists</arg>
<doc>Logs the given message to the console.</doc>
<status status="PASS" starttime="20250220 06:01:15.093" endtime="20250220 06:01:15.094"/>
</kw>
<return>
<value>${True}</value>
<status status="PASS" starttime="20250220 06:01:15.094" endtime="20250220 06:01:15.094"/>
</return>
<status status="PASS" starttime="20250220 06:01:15.093" endtime="20250220 06:01:15.094"/>
</branch>
<branch type="ELSE">
<kw name="Log To Console" library="BuiltIn">
<arg>Book with ISBN ${ISBN} does not exist</arg>
<doc>Logs the given message to the console.</doc>
<status status="NOT RUN" starttime="20250220 06:01:15.094" endtime="20250220 06:01:15.094"/>
</kw>
<return>
<value>${False}</value>
<status status="NOT RUN" starttime="20250220 06:01:15.094" endtime="20250220 06:01:15.095"/>
</return>
<status status="NOT RUN" starttime="20250220 06:01:15.094" endtime="20250220 06:01:15.095"/>
</branch>
<status status="PASS" starttime="20250220 06:01:15.093" endtime="20250220 06:01:15.095"/>
</if>
<msg timestamp="20250220 06:01:15.096" level="INFO">${exists} = True</msg>
<status status="PASS" starttime="20250220 06:01:15.088" endtime="20250220 06:01:15.096"/>
</kw>
<kw name="Set Variable" library="BuiltIn">
<var>${cover_url}</var>
<arg>${ISBN}.jpg</arg>
<doc>Returns the given values which can then be assigned to a variables.</doc>
<msg timestamp="20250220 06:01:15.096" level="INFO">${cover_url} = 2210151053.jpg</msg>
<status status="PASS" starttime="20250220 06:01:15.096" endtime="20250220 06:01:15.096"/>
</kw>
<kw name="Log To Console" library="BuiltIn">
<arg>Checking ISBN: ${ISBN} and CoverURL: ${cover_url}</arg>
<doc>Logs the given message to the console.</doc>
<status status="PASS" starttime="20250220 06:01:15.097" endtime="20250220 06:01:15.097"/>
</kw>
<if>
<branch type="IF" condition="${exists}">
<kw name="Query" library="RPA.Database">
<arg>UPDATE catalogs SET CoverURL = '${cover_url}' WHERE ISBN = '${ISBN}';</arg>
<doc>Execute a SQL query and optionally return the execution result.</doc>
<msg timestamp="20250220 06:01:15.098" level="INFO">Executing query: UPDATE catalogs SET CoverURL = '2210151053.jpg' WHERE ISBN = '2210151053';</msg>
<status status="PASS" starttime="20250220 06:01:15.098" endtime="20250220 06:01:15.100"/>
</kw>
<kw name="Query" library="RPA.Database">
<arg>COMMIT;</arg>
<doc>Execute a SQL query and optionally return the execution result.</doc>
<msg timestamp="20250220 06:01:15.100" level="INFO">Executing query: COMMIT;</msg>
<status status="PASS" starttime="20250220 06:01:15.100" endtime="20250220 06:01:15.101"/>
</kw>
<kw name="Log To Console" library="BuiltIn">
<arg>CoverURL updated to ${cover_url} for Book ISBN ${ISBN}</arg>
<doc>Logs the given message to the console.</doc>
<status status="PASS" starttime="20250220 06:01:15.101" endtime="20250220 06:01:15.103"/>
</kw>
<kw name="Query" library="RPA.Database">
<arg>SELECT CoverURL FROM catalogs WHERE ISBN = '${ISBN}';</arg>
<doc>Execute a SQL query and optionally return the execution result.</doc>
<msg timestamp="20250220 06:01:15.104" level="INFO">Executing query: SELECT CoverURL FROM catalogs WHERE ISBN = '2210151053';</msg>
<status status="PASS" starttime="20250220 06:01:15.104" endtime="20250220 06:01:15.106"/>
</kw>
<status status="PASS" starttime="20250220 06:01:15.097" endtime="20250220 06:01:15.106"/>
</branch>
<branch type="ELSE">
<kw name="Log To Console" library="BuiltIn">
<arg>message: Book with ISBN ${ISBN} was not found</arg>
<doc>Logs the given message to the console.</doc>
<status status="NOT RUN" starttime="20250220 06:01:15.106" endtime="20250220 06:01:15.107"/>
</kw>
<status status="NOT RUN" starttime="20250220 06:01:15.106" endtime="20250220 06:01:15.107"/>
</branch>
<status status="PASS" starttime="20250220 06:01:15.097" endtime="20250220 06:01:15.107"/>
</if>
<kw name="Sleep" library="BuiltIn">
<arg>7s</arg>
<doc>Pauses the test executed for the given time.</doc>
<msg timestamp="20250220 06:01:22.110" level="INFO">Slept 7 seconds</msg>
<status status="PASS" starttime="20250220 06:01:15.107" endtime="20250220 06:01:22.110"/>
</kw>
<kw name="Disconnect From Database" library="RPA.Database">
<doc>Close connection to SQL database</doc>
<status status="PASS" starttime="20250220 06:01:22.111" endtime="20250220 06:01:22.111"/>
</kw>
<status status="PASS" starttime="20250220 06:01:05.644" endtime="20250220 06:01:22.113"/>
</test>
<status status="PASS" starttime="20250220 06:00:11.253" endtime="20250220 06:01:22.114"/>
</suite>
<statistics>
<total>
<stat pass="3" fail="0" skip="0">All Tests</stat>
</total>
<tag>
</tag>
<suite>
<stat pass="3" fail="0" skip="0" id="s1" name="Tasks">Tasks</stat>
</suite>
</statistics>
<errors>
</errors>
</robot>
