<?xml version="1.0" encoding="UTF-8"?>
<robot generator="Robot 6.1.1 (Python 3.10.11 on win32)" generated="20241111 16:41:38.526" rpa="false" schemaversion="4">
<suite id="s1" name="Tasks" source="D:\otomatisasi-inlis\tasks.robot">
<test id="s1-t1" name="Get JSON Data From API" line="27">
<kw name="Set Variable" library="BuiltIn">
<var>${book_id}</var>
<arg>${BOOK_ID}</arg>
<doc>Returns the given values which can then be assigned to a variables.</doc>
<msg timestamp="20241111 16:41:39.137" level="INFO">${book_id} = 1</msg>
<status status="PASS" starttime="20241111 16:41:39.135" endtime="20241111 16:41:39.137"/>
</kw>
<kw name="Create Session" library="RPA.HTTP">
<arg>mysession</arg>
<arg>${BASE_API_URL}</arg>
<arg>verify=${False}</arg>
<doc>Create Session: create a HTTP session to a server</doc>
<msg timestamp="20241111 16:41:39.137" level="INFO">Creating Session using : alias=mysession, url=http://192.168.9.133:5000, headers={},                     cookies={}, auth=None, timeout=None, proxies=None, verify=False,                     debug=0 </msg>
<status status="PASS" starttime="20241111 16:41:39.137" endtime="20241111 16:41:39.137"/>
</kw>
<kw name="GET On Session" library="RPA.HTTP">
<var>${response}</var>
<arg>mysession</arg>
<arg>/api/getBookSinopsis/${book_id}</arg>
<doc>Sends a GET request on a previously created HTTP Session.</doc>
<msg timestamp="20241111 16:42:00.169" level="WARN">Retrying (RetryAdapter(total=2, connect=None, read=None, redirect=None, status=None)) after connection broken by 'ConnectTimeoutError(&lt;urllib3.connection.HTTPConnection object at 0x0000026423CD45B0&gt;, 'Connection to 192.168.9.133 timed out. (connect timeout=None)')': /api/getBookSinopsis/1</msg>
<msg timestamp="20241111 16:42:21.423" level="WARN">Retrying (RetryAdapter(total=1, connect=None, read=None, redirect=None, status=None)) after connection broken by 'ConnectTimeoutError(&lt;urllib3.connection.HTTPConnection object at 0x0000026423CD4820&gt;, 'Connection to 192.168.9.133 timed out. (connect timeout=None)')': /api/getBookSinopsis/1</msg>
<msg timestamp="20241111 16:42:42.873" level="WARN">Retrying (RetryAdapter(total=0, connect=None, read=None, redirect=None, status=None)) after connection broken by 'ConnectTimeoutError(&lt;urllib3.connection.HTTPConnection object at 0x0000026423CD4940&gt;, 'Connection to 192.168.9.133 timed out. (connect timeout=None)')': /api/getBookSinopsis/1</msg>
<msg timestamp="20241111 16:43:03.904" level="FAIL">ConnectTimeout: HTTPConnectionPool(host='192.168.9.133', port=5000): Max retries exceeded with url: /api/getBookSinopsis/1 (Caused by ConnectTimeoutError(&lt;urllib3.connection.HTTPConnection object at 0x0000026423CD4AC0&gt;, 'Connection to 192.168.9.133 timed out. (connect timeout=None)'))</msg>
<status status="FAIL" starttime="20241111 16:41:39.137" endtime="20241111 16:43:03.910"/>
</kw>
<kw name="Decode Bytes To String" library="String">
<var>${response_str}</var>
<arg>${response.content}</arg>
<arg>encoding=UTF-8</arg>
<doc>Decodes the given ``bytes`` to a Unicode string using the given ``encoding``.</doc>
<status status="NOT RUN" starttime="20241111 16:43:03.910" endtime="20241111 16:43:03.910"/>
</kw>
<kw name="Log To Console" library="BuiltIn">
<arg>Raw Response: ${response_str}</arg>
<doc>Logs the given message to the console.</doc>
<status status="NOT RUN" starttime="20241111 16:43:03.910" endtime="20241111 16:43:03.910"/>
</kw>
<kw name="Replace String" library="String">
<var>${clean_response}</var>
<arg>${response_str}</arg>
<arg>"</arg>
<arg>\\"</arg>
<doc>Replaces ``search_for`` in the given ``string`` with ``replace_with``.</doc>
<status status="NOT RUN" starttime="20241111 16:43:03.911" endtime="20241111 16:43:03.911"/>
</kw>
<kw name="Replace String" library="String">
<var>${clean_response}</var>
<arg>${clean_response}</arg>
<arg>\n</arg>
<arg>\\n</arg>
<doc>Replaces ``search_for`` in the given ``string`` with ``replace_with``.</doc>
<status status="NOT RUN" starttime="20241111 16:43:03.911" endtime="20241111 16:43:03.911"/>
</kw>
<kw name="Replace String" library="String">
<var>${clean_response}</var>
<arg>${clean_response}</arg>
<arg>\r</arg>
<arg>\\r</arg>
<doc>Replaces ``search_for`` in the given ``string`` with ``replace_with``.</doc>
<status status="NOT RUN" starttime="20241111 16:43:03.911" endtime="20241111 16:43:03.911"/>
</kw>
<kw name="Strip String" library="String">
<var>${clean_response}</var>
<arg>${clean_response}</arg>
<doc>Remove leading and/or trailing whitespaces from the given string.</doc>
<status status="NOT RUN" starttime="20241111 16:43:03.911" endtime="20241111 16:43:03.911"/>
</kw>
<kw name="Log To Console" library="BuiltIn">
<arg>Cleaned Response: ${clean_response}</arg>
<doc>Logs the given message to the console.</doc>
<status status="NOT RUN" starttime="20241111 16:43:03.911" endtime="20241111 16:43:03.911"/>
</kw>
<kw name="Convert To Dictionary">
<var>${json_data}</var>
<arg>${clean_response}</arg>
<status status="NOT RUN" starttime="20241111 16:43:03.912" endtime="20241111 16:43:03.912"/>
</kw>
<kw name="Log To Console" library="BuiltIn">
<arg>Full JSON Response: ${json_data}</arg>
<doc>Logs the given message to the console.</doc>
<status status="NOT RUN" starttime="20241111 16:43:03.912" endtime="20241111 16:43:03.912"/>
</kw>
<kw name="Set Global Variable" library="BuiltIn">
<arg>${JUDUL}</arg>
<arg>${json_data['judul']}</arg>
<doc>Makes a variable available globally in all tests and suites.</doc>
<status status="NOT RUN" starttime="20241111 16:43:03.912" endtime="20241111 16:43:03.912"/>
</kw>
<kw name="Set Global Variable" library="BuiltIn">
<arg>${PENGARANG}</arg>
<arg>${json_data['pengarang']}</arg>
<doc>Makes a variable available globally in all tests and suites.</doc>
<status status="NOT RUN" starttime="20241111 16:43:03.912" endtime="20241111 16:43:03.912"/>
</kw>
<kw name="Set Global Variable" library="BuiltIn">
<arg>${PENERBITAN}</arg>
<arg>${json_data['penerbitan']}</arg>
<doc>Makes a variable available globally in all tests and suites.</doc>
<status status="NOT RUN" starttime="20241111 16:43:03.913" endtime="20241111 16:43:03.913"/>
</kw>
<kw name="Set Global Variable" library="BuiltIn">
<arg>${DESC}</arg>
<arg>${json_data['deskripsi']}</arg>
<doc>Makes a variable available globally in all tests and suites.</doc>
<status status="NOT RUN" starttime="20241111 16:43:03.913" endtime="20241111 16:43:03.913"/>
</kw>
<kw name="Set Global Variable" library="BuiltIn">
<arg>${ISBN}</arg>
<arg>${json_data['isbn']}</arg>
<doc>Makes a variable available globally in all tests and suites.</doc>
<status status="NOT RUN" starttime="20241111 16:43:03.913" endtime="20241111 16:43:03.913"/>
</kw>
<kw name="Set Global Variable" library="BuiltIn">
<arg>${KOTA}</arg>
<arg>${json_data['kota']}</arg>
<doc>Makes a variable available globally in all tests and suites.</doc>
<status status="NOT RUN" starttime="20241111 16:43:03.913" endtime="20241111 16:43:03.913"/>
</kw>
<kw name="Set Global Variable" library="BuiltIn">
<arg>${TAHUN}</arg>
<arg>${json_data['tahun']}</arg>
<doc>Makes a variable available globally in all tests and suites.</doc>
<status status="NOT RUN" starttime="20241111 16:43:03.913" endtime="20241111 16:43:03.913"/>
</kw>
<kw name="Set Global Variable" library="BuiltIn">
<arg>${EDITOR}</arg>
<arg>${json_data['editor']}</arg>
<doc>Makes a variable available globally in all tests and suites.</doc>
<status status="NOT RUN" starttime="20241111 16:43:03.913" endtime="20241111 16:43:03.914"/>
</kw>
<kw name="Set Global Variable" library="BuiltIn">
<arg>${ILUSTRATOR}</arg>
<arg>${json_data['ilustrator']}</arg>
<doc>Makes a variable available globally in all tests and suites.</doc>
<status status="NOT RUN" starttime="20241111 16:43:03.914" endtime="20241111 16:43:03.914"/>
</kw>
<kw name="Set Global Variable" library="BuiltIn">
<arg>${SINOPSIS}</arg>
<arg>${json_data['sinopsis']}</arg>
<doc>Makes a variable available globally in all tests and suites.</doc>
<status status="NOT RUN" starttime="20241111 16:43:03.914" endtime="20241111 16:43:03.914"/>
</kw>
<kw name="Set Global Variable" library="BuiltIn">
<arg>${KEYWORD}</arg>
<arg>${json_data['keyword']}</arg>
<doc>Makes a variable available globally in all tests and suites.</doc>
<status status="NOT RUN" starttime="20241111 16:43:03.914" endtime="20241111 16:43:03.914"/>
</kw>
<kw name="Set Global Variable" library="BuiltIn">
<arg>${NOCLASS}</arg>
<arg>${json_data['no_class']}</arg>
<doc>Makes a variable available globally in all tests and suites.</doc>
<status status="NOT RUN" starttime="20241111 16:43:03.914" endtime="20241111 16:43:03.914"/>
</kw>
<status status="FAIL" starttime="20241111 16:41:39.135" endtime="20241111 16:43:03.915">ConnectTimeout: HTTPConnectionPool(host='192.168.9.133', port=5000): Max retries exceeded with url: /api/getBookSinopsis/1 (Caused by ConnectTimeoutError(&lt;urllib3.connection.HTTPConnection object at 0x0000026423CD4AC0&gt;, 'Connection to 192.168.9.133 timed out. (connect timeout=None)'))</status>
</test>
<test id="s1-t2" name="Otomatisasi Entri Katalog" line="71">
<kw name="Open Browser" library="RPA.Browser.Selenium">
<arg>${URL}</arg>
<arg>${BROWSER}</arg>
<doc>Opens a new browser instance to the optional ``url``.</doc>
<msg timestamp="20241111 16:43:03.916" level="INFO">Opening browser 'Firefox' to base url 'http://localhost/inlislite3/backend/site/login'.</msg>
<status status="PASS" starttime="20241111 16:43:03.915" endtime="20241111 16:43:09.949"/>
</kw>
<kw name="Sleep" library="BuiltIn">
<arg>2s</arg>
<doc>Pauses the test executed for the given time.</doc>
<msg timestamp="20241111 16:43:11.961" level="INFO">Slept 2 seconds</msg>
<status status="PASS" starttime="20241111 16:43:09.949" endtime="20241111 16:43:11.961"/>
</kw>
<kw name="Login website">
<kw name="Input Text" library="RPA.Browser.Selenium">
<arg>id:loginform-username</arg>
<arg>inlislite</arg>
<doc>Types the given ``text`` into the text field identified by ``locator``.</doc>
<msg timestamp="20241111 16:43:11.963" level="INFO">Typing text 'inlislite' into text field 'id:loginform-username'.</msg>
<status status="PASS" starttime="20241111 16:43:11.962" endtime="20241111 16:43:12.028"/>
</kw>
<kw name="Input Text" library="RPA.Browser.Selenium">
<arg>id:loginform-password</arg>
<arg>inlislite=</arg>
<doc>Types the given ``text`` into the text field identified by ``locator``.</doc>
<msg timestamp="20241111 16:43:12.029" level="INFO">Typing text 'inlislite=' into text field 'id:loginform-password'.</msg>
<status status="PASS" starttime="20241111 16:43:12.028" endtime="20241111 16:43:12.044"/>
</kw>
<kw name="Click Button" library="RPA.Browser.Selenium">
<arg>name:login-button</arg>
<doc>Clicks the button identified by ``locator``.</doc>
<msg timestamp="20241111 16:43:12.045" level="INFO">Clicking button 'name:login-button'.</msg>
<status status="PASS" starttime="20241111 16:43:12.044" endtime="20241111 16:43:12.274"/>
</kw>
<status status="PASS" starttime="20241111 16:43:11.961" endtime="20241111 16:43:12.274"/>
</kw>
<kw name="Sleep" library="BuiltIn">
<arg>2s</arg>
<doc>Pauses the test executed for the given time.</doc>
<msg timestamp="20241111 16:43:14.289" level="INFO">Slept 2 seconds</msg>
<status status="PASS" starttime="20241111 16:43:12.274" endtime="20241111 16:43:14.289"/>
</kw>
<kw name="Select Library Location">
<kw name="Wait Until Element Is Visible" library="RPA.Browser.Selenium">
<arg>xpath=//span[@id="select2-dynamicmodel-location-container"]</arg>
<arg>timeout=10s</arg>
<doc>Waits until the element ``locator`` is visible.</doc>
<status status="PASS" starttime="20241111 16:43:14.289" endtime="20241111 16:43:14.303"/>
</kw>
<kw name="Click Element" library="RPA.Browser.Selenium">
<arg>xpath=//span[@id="select2-dynamicmodel-location-container"]</arg>
<doc>Click the element identified by ``locator``.</doc>
<msg timestamp="20241111 16:43:14.303" level="INFO">Clicking element 'xpath=//span[@id="select2-dynamicmodel-location-container"]'.</msg>
<status status="PASS" starttime="20241111 16:43:14.303" endtime="20241111 16:43:14.523"/>
</kw>
<kw name="Wait Until Element Is Visible" library="RPA.Browser.Selenium">
<arg>xpath=//li[contains(text(), 'Perpustakaan Pusat')]</arg>
<arg>timeout=10s</arg>
<doc>Waits until the element ``locator`` is visible.</doc>
<status status="PASS" starttime="20241111 16:43:14.524" endtime="20241111 16:43:14.538"/>
</kw>
<kw name="Click Element" library="RPA.Browser.Selenium">
<arg>xpath=//li[contains(text(), 'Perpustakaan Pusat')]</arg>
<doc>Click the element identified by ``locator``.</doc>
<msg timestamp="20241111 16:43:14.540" level="INFO">Clicking element 'xpath=//li[contains(text(), 'Perpustakaan Pusat')]'.</msg>
<status status="PASS" starttime="20241111 16:43:14.538" endtime="20241111 16:43:15.273"/>
</kw>
<status status="PASS" starttime="20241111 16:43:14.289" endtime="20241111 16:43:15.273"/>
</kw>
<kw name="Sleep" library="BuiltIn">
<arg>2s</arg>
<doc>Pauses the test executed for the given time.</doc>
<msg timestamp="20241111 16:43:17.282" level="INFO">Slept 2 seconds</msg>
<status status="PASS" starttime="20241111 16:43:15.274" endtime="20241111 16:43:17.282"/>
</kw>
<kw name="Click Submit Button">
<kw name="Click Button When Visible" library="RPA.Browser.Selenium">
<arg>//button[@class="btn btn-primary btn-block btn-flat button_login"]</arg>
<doc>Click button identified by ``locator``, once it becomes visible.</doc>
<msg timestamp="20241111 16:43:17.296" level="INFO">Clicking button '//button[@class="btn btn-primary btn-block btn-flat button_login"]'.</msg>
<status status="PASS" starttime="20241111 16:43:17.282" endtime="20241111 16:43:17.530"/>
</kw>
<status status="PASS" starttime="20241111 16:43:17.282" endtime="20241111 16:43:17.530"/>
</kw>
<kw name="Sleep" library="BuiltIn">
<arg>2s</arg>
<doc>Pauses the test executed for the given time.</doc>
<msg timestamp="20241111 16:43:19.532" level="INFO">Slept 2 seconds</msg>
<status status="PASS" starttime="20241111 16:43:17.531" endtime="20241111 16:43:19.532"/>
</kw>
<kw name="Navigate to Entri Katalog (RDA)">
<kw name="Wait Until Element Is Visible" library="RPA.Browser.Selenium">
<arg>xpath=//li[@class="treeview"]/a[contains(@href, '/pengkatalogan/katalog/index')]</arg>
<arg>timeout=10s</arg>
<doc>Waits until the element ``locator`` is visible.</doc>
<status status="PASS" starttime="20241111 16:43:19.533" endtime="20241111 16:43:19.548"/>
</kw>
<kw name="Click Element" library="RPA.Browser.Selenium">
<arg>xpath=//li[@class="treeview"]/a[contains(@href, '/pengkatalogan/katalog/index')]</arg>
<doc>Click the element identified by ``locator``.</doc>
<msg timestamp="20241111 16:43:19.549" level="INFO">Clicking element 'xpath=//li[@class="treeview"]/a[contains(@href, '/pengkatalogan/katalog/index')]'.</msg>
<status status="PASS" starttime="20241111 16:43:19.549" endtime="20241111 16:43:19.796"/>
</kw>
<kw name="Wait Until Element Is Visible" library="RPA.Browser.Selenium">
<arg>xpath=//li/a[@href='/inlislite3/backend/pengkatalogan/katalog/create?for=cat&amp;rda=1']</arg>
<arg>timeout=10s</arg>
<doc>Waits until the element ``locator`` is visible.</doc>
<status status="PASS" starttime="20241111 16:43:19.796" endtime="20241111 16:43:19.810"/>
</kw>
<kw name="Click Element" library="RPA.Browser.Selenium">
<arg>xpath=//li/a[@href='/inlislite3/backend/pengkatalogan/katalog/create?for=cat&amp;rda=1']</arg>
<doc>Click the element identified by ``locator``.</doc>
<msg timestamp="20241111 16:43:19.811" level="INFO">Clicking element 'xpath=//li/a[@href='/inlislite3/backend/pengkatalogan/katalog/create?for=cat&amp;rda=1']'.</msg>
<status status="PASS" starttime="20241111 16:43:19.811" endtime="20241111 16:43:20.452"/>
</kw>
<status status="PASS" starttime="20241111 16:43:19.533" endtime="20241111 16:43:20.452"/>
</kw>
<kw name="Sleep" library="BuiltIn">
<arg>2s</arg>
<doc>Pauses the test executed for the given time.</doc>
<msg timestamp="20241111 16:43:22.462" level="INFO">Slept 2 seconds</msg>
<status status="PASS" starttime="20241111 16:43:20.452" endtime="20241111 16:43:22.462"/>
</kw>
<kw name="Input Book Data">
<arg>${JUDUL}</arg>
<arg>${PENGARANG}</arg>
<arg>${PENERBITAN}</arg>
<arg>${DESC}</arg>
<arg>${ISBN}</arg>
<arg>${KOTA}</arg>
<arg>${EDITOR}</arg>
<arg>${SINOPSIS}</arg>
<arg>${KEYWORD}</arg>
<arg>${ILUSTRATOR}</arg>
<arg>${NOCLASS}</arg>
<msg timestamp="20241111 16:43:22.464" level="FAIL">Variable '${JUDUL}' not found.</msg>
<status status="FAIL" starttime="20241111 16:43:22.462" endtime="20241111 16:43:22.464"/>
</kw>
<kw name="Sleep" library="BuiltIn">
<arg>2s</arg>
<doc>Pauses the test executed for the given time.</doc>
<status status="NOT RUN" starttime="20241111 16:43:22.464" endtime="20241111 16:43:22.464"/>
</kw>
<kw name="Logout Website">
<status status="NOT RUN" starttime="20241111 16:43:22.464" endtime="20241111 16:43:22.464"/>
</kw>
<kw name="Sleep" library="BuiltIn">
<arg>2s</arg>
<doc>Pauses the test executed for the given time.</doc>
<status status="NOT RUN" starttime="20241111 16:43:22.464" endtime="20241111 16:43:22.464"/>
</kw>
<kw name="Close Browser">
<status status="NOT RUN" starttime="20241111 16:43:22.465" endtime="20241111 16:43:22.465"/>
</kw>
<kw name="Sleep" library="BuiltIn">
<arg>10s</arg>
<doc>Pauses the test executed for the given time.</doc>
<status status="NOT RUN" starttime="20241111 16:43:22.465" endtime="20241111 16:43:22.465"/>
</kw>
<status status="FAIL" starttime="20241111 16:43:03.915" endtime="20241111 16:43:22.465">Variable '${JUDUL}' not found.</status>
</test>
<test id="s1-t3" name="Operation" line="100">
<kw name="Download Image">
<kw name="Set Variable" library="BuiltIn">
<var>${book_id}</var>
<arg>${BOOK_ID}</arg>
<doc>Returns the given values which can then be assigned to a variables.</doc>
<msg timestamp="20241111 16:43:22.467" level="INFO">${book_id} = 1</msg>
<status status="PASS" starttime="20241111 16:43:22.466" endtime="20241111 16:43:22.467"/>
</kw>
<kw name="Set Variable" library="BuiltIn">
<var>${API_URL}</var>
<arg>${BASE_API_URL}/api/sendCover/${BOOK_ID}</arg>
<doc>Returns the given values which can then be assigned to a variables.</doc>
<msg timestamp="20241111 16:43:22.467" level="INFO">${API_URL} = http://192.168.9.133:5000/api/sendCover/1</msg>
<status status="PASS" starttime="20241111 16:43:22.467" endtime="20241111 16:43:22.467"/>
</kw>
<kw name="Download" library="RPA.HTTP">
<arg>${API_URL}</arg>
<arg>${DOWNLOAD_PATH}/${book_id}.jpg</arg>
<doc>An alias for the ``HTTP Get`` keyword.</doc>
<msg timestamp="20241111 16:43:22.468" level="INFO">Creating a new HTTP session</msg>
<msg timestamp="20241111 16:43:22.468" level="INFO">Creating Session using : alias=rpasession_alias.http192.168.9.133:5000, url=http://192.168.9.133:5000, headers={},                     cookies={}, auth=None, timeout=None, proxies=None, verify=True,                     debug=0 </msg>
<msg timestamp="20241111 16:43:43.530" level="WARN">Retrying (RetryAdapter(total=2, connect=None, read=None, redirect=None, status=None)) after connection broken by 'ConnectTimeoutError(&lt;urllib3.connection.HTTPConnection object at 0x0000026423CD7040&gt;, 'Connection to 192.168.9.133 timed out. (connect timeout=None)')': /api/sendCover/1</msg>
<msg timestamp="20241111 16:44:04.786" level="WARN">Retrying (RetryAdapter(total=1, connect=None, read=None, redirect=None, status=None)) after connection broken by 'ConnectTimeoutError(&lt;urllib3.connection.HTTPConnection object at 0x0000026423CD6B30&gt;, 'Connection to 192.168.9.133 timed out. (connect timeout=None)')': /api/sendCover/1</msg>
<msg timestamp="20241111 16:44:26.239" level="WARN">Retrying (RetryAdapter(total=0, connect=None, read=None, redirect=None, status=None)) after connection broken by 'ConnectTimeoutError(&lt;urllib3.connection.HTTPConnection object at 0x0000026423CD5480&gt;, 'Connection to 192.168.9.133 timed out. (connect timeout=None)')': /api/sendCover/1</msg>
<msg timestamp="20241111 16:44:47.266" level="FAIL">ConnectTimeout: HTTPConnectionPool(host='192.168.9.133', port=5000): Max retries exceeded with url: /api/sendCover/1 (Caused by ConnectTimeoutError(&lt;urllib3.connection.HTTPConnection object at 0x0000026423CD54E0&gt;, 'Connection to 192.168.9.133 timed out. (connect timeout=None)'))</msg>
<status status="FAIL" starttime="20241111 16:43:22.468" endtime="20241111 16:44:47.268"/>
</kw>
<kw name="Log To Console" library="BuiltIn">
<arg>Image downloaded to ${DOWNLOAD_PATH}</arg>
<doc>Logs the given message to the console.</doc>
<status status="NOT RUN" starttime="20241111 16:44:47.268" endtime="20241111 16:44:47.268"/>
</kw>
<status status="FAIL" starttime="20241111 16:43:22.466" endtime="20241111 16:44:47.268"/>
</kw>
<kw name="Connect To Database" library="RPA.Database">
<arg>pymysql</arg>
<arg>${DB_NAME}</arg>
<arg>${USERNAME}</arg>
<arg>${PASSWORD}</arg>
<arg>${DB_HOST}</arg>
<arg>${DB_PORT}</arg>
<doc>Connect to database using DB API 2.0 module.</doc>
<msg timestamp="20241111 16:44:47.269" level="INFO">Protecting keyword: RPA.Database.Connect To Database</msg>
<msg timestamp="20241111 16:44:47.269" level="INFO">Log level changed from NONE to INFO.</msg>
<status status="NOT RUN" starttime="20241111 16:44:47.268" endtime="20241111 16:44:47.269"/>
</kw>
<kw name="Check If Book Exists">
<var>${exists}</var>
<arg>${book_id}</arg>
<status status="NOT RUN" starttime="20241111 16:44:47.269" endtime="20241111 16:44:47.269"/>
</kw>
<kw name="Set Variable" library="BuiltIn">
<var>${cover_url}</var>
<arg>${book_id}.jpg</arg>
<doc>Returns the given values which can then be assigned to a variables.</doc>
<status status="NOT RUN" starttime="20241111 16:44:47.269" endtime="20241111 16:44:47.269"/>
</kw>
<if>
<branch type="IF" condition="${exists}">
<kw name="Query" library="RPA.Database">
<arg>UPDATE catalogs SET CoverURL = '${cover_url}' WHERE id = ${book_id};</arg>
<doc>Execute a SQL query and optionally return the execution result.</doc>
<status status="NOT RUN" starttime="20241111 16:44:47.270" endtime="20241111 16:44:47.270"/>
</kw>
<kw name="Log To Console" library="BuiltIn">
<arg>CoverURL updated to ${cover_url} for Book ID ${book_id}</arg>
<doc>Logs the given message to the console.</doc>
<status status="NOT RUN" starttime="20241111 16:44:47.270" endtime="20241111 16:44:47.270"/>
</kw>
<status status="NOT RUN" starttime="20241111 16:44:47.269" endtime="20241111 16:44:47.270"/>
</branch>
<branch type="ELSE">
<kw name="Log To Console" library="BuiltIn">
<arg>message: Book with ID ${book_id} was not found</arg>
<doc>Logs the given message to the console.</doc>
<status status="NOT RUN" starttime="20241111 16:44:47.270" endtime="20241111 16:44:47.270"/>
</kw>
<status status="NOT RUN" starttime="20241111 16:44:47.270" endtime="20241111 16:44:47.270"/>
</branch>
<status status="NOT RUN" starttime="20241111 16:44:47.269" endtime="20241111 16:44:47.270"/>
</if>
<kw name="Sleep" library="BuiltIn">
<arg>7s</arg>
<doc>Pauses the test executed for the given time.</doc>
<status status="NOT RUN" starttime="20241111 16:44:47.270" endtime="20241111 16:44:47.271"/>
</kw>
<kw name="Disconnect From Database" library="RPA.Database">
<doc>Close connection to SQL database</doc>
<status status="NOT RUN" starttime="20241111 16:44:47.271" endtime="20241111 16:44:47.271"/>
</kw>
<status status="FAIL" starttime="20241111 16:43:22.466" endtime="20241111 16:44:47.271">ConnectTimeout: HTTPConnectionPool(host='192.168.9.133', port=5000): Max retries exceeded with url: /api/sendCover/1 (Caused by ConnectTimeoutError(&lt;urllib3.connection.HTTPConnection object at 0x0000026423CD54E0&gt;, 'Connection to 192.168.9.133 timed out. (connect timeout=None)'))</status>
</test>
<status status="FAIL" starttime="20241111 16:41:38.528" endtime="20241111 16:44:47.271"/>
</suite>
<statistics>
<total>
<stat pass="0" fail="3" skip="0">All Tests</stat>
</total>
<tag>
</tag>
<suite>
<stat pass="0" fail="3" skip="0" id="s1" name="Tasks">Tasks</stat>
</suite>
</statistics>
<errors>
<msg timestamp="20241111 16:42:00.169" level="WARN">Retrying (RetryAdapter(total=2, connect=None, read=None, redirect=None, status=None)) after connection broken by 'ConnectTimeoutError(&lt;urllib3.connection.HTTPConnection object at 0x0000026423CD45B0&gt;, 'Connection to 192.168.9.133 timed out. (connect timeout=None)')': /api/getBookSinopsis/1</msg>
<msg timestamp="20241111 16:42:21.423" level="WARN">Retrying (RetryAdapter(total=1, connect=None, read=None, redirect=None, status=None)) after connection broken by 'ConnectTimeoutError(&lt;urllib3.connection.HTTPConnection object at 0x0000026423CD4820&gt;, 'Connection to 192.168.9.133 timed out. (connect timeout=None)')': /api/getBookSinopsis/1</msg>
<msg timestamp="20241111 16:42:42.873" level="WARN">Retrying (RetryAdapter(total=0, connect=None, read=None, redirect=None, status=None)) after connection broken by 'ConnectTimeoutError(&lt;urllib3.connection.HTTPConnection object at 0x0000026423CD4940&gt;, 'Connection to 192.168.9.133 timed out. (connect timeout=None)')': /api/getBookSinopsis/1</msg>
<msg timestamp="20241111 16:43:43.530" level="WARN">Retrying (RetryAdapter(total=2, connect=None, read=None, redirect=None, status=None)) after connection broken by 'ConnectTimeoutError(&lt;urllib3.connection.HTTPConnection object at 0x0000026423CD7040&gt;, 'Connection to 192.168.9.133 timed out. (connect timeout=None)')': /api/sendCover/1</msg>
<msg timestamp="20241111 16:44:04.786" level="WARN">Retrying (RetryAdapter(total=1, connect=None, read=None, redirect=None, status=None)) after connection broken by 'ConnectTimeoutError(&lt;urllib3.connection.HTTPConnection object at 0x0000026423CD6B30&gt;, 'Connection to 192.168.9.133 timed out. (connect timeout=None)')': /api/sendCover/1</msg>
<msg timestamp="20241111 16:44:26.239" level="WARN">Retrying (RetryAdapter(total=0, connect=None, read=None, redirect=None, status=None)) after connection broken by 'ConnectTimeoutError(&lt;urllib3.connection.HTTPConnection object at 0x0000026423CD5480&gt;, 'Connection to 192.168.9.133 timed out. (connect timeout=None)')': /api/sendCover/1</msg>
</errors>
</robot>
